<?xml version="1.0" encoding="UTF-8"?>
<!-- Generated by org.testng.reporters.JUnitXMLReporter -->
<testsuite ignored="0" hostname="DESKTOP-83EV5B8" failures="0" tests="3" name="Chrome Test" time="15.4" errors="0" timestamp="2023-06-22T16:29:10 IST">
  <testcase classname="testngdiscussion.ParallelTestTagExecution" name="redirectToUrl" time="11.508"/>
  <testcase classname="testngdiscussion.ParallelTestTagExecution" name="searchProduct" time="3.072"/>
  <testcase classname="testngdiscussion.ParallelTestTagExecution" name="addToCart" time="0.674"/>
</testsuite> <!-- Chrome Test -->
