<?xml version="1.0" encoding="UTF-8"?>
<!-- Generated by org.testng.reporters.JUnitXMLReporter -->
<testsuite ignored="0" hostname="DESKTOP-83EV5B8" failures="0" tests="3" name="Firefox Test" time="21.727" errors="0" timestamp="2023-06-22T16:29:16 IST">
  <testcase classname="testngdiscussion.ParallelTestTagExecution" name="redirectToUrl" time="20.042"/>
  <testcase classname="testngdiscussion.ParallelTestTagExecution" name="searchProduct" time="1.419"/>
  <testcase classname="testngdiscussion.ParallelTestTagExecution" name="addToCart" time="0.121"/>
</testsuite> <!-- Firefox Test -->
