<?xml version="1.0" encoding="UTF-8"?>
<!-- Generated by org.testng.reporters.JUnitXMLReporter -->
<testsuite ignored="0" hostname="DESKTOP-83EV5B8" failures="0" tests="3" name="Test" time="0.146" errors="0" timestamp="2023-06-18T16:59:02 IST">
  <testcase classname="testngdiscussion.Annotations" name="testCase1" time="0.018"/>
  <testcase classname="testngdiscussion.Annotations" name="testCase2" time="0.008"/>
  <testcase classname="testngdiscussion.Annotations2" name="testCase3" time="0.006"/>
</testsuite> <!-- Test -->
