<?xml version="1.0" encoding="UTF-8"?>
<!-- Generated by org.testng.reporters.JUnitXMLReporter -->
<testsuite ignored="2" hostname="DESKTOP-83EV5B8" failures="0" tests="6" name="Test" time="7.564" errors="0" timestamp="2023-06-22T16:38:43 IST">
  <testcase classname="testclass.HomeTest" name="validateTitle" time="0.022"/>
  <testcase classname="testclass.HomeTest" name="navToSingleMalt" time="0.767"/>
  <testcase classname="testclass.ProductTest" name="validateFilter" time="0.774"/>
  <testcase classname="testclass.ProductTest" name="resetFilterValidation" time="0.427"/>
  <testcase classname="testclass.ProductTest" name="sortingFilter" time="2.781"/>
  <testcase classname="testclass.ProductTest" name="navToProduct" time="2.674"/>
  <testcase classname="testclass.BaseTest" name="@AfterSuite tearDown" time="0.0">
    <ignored/>
  </testcase> <!-- @AfterSuite tearDown -->
  <testcase classname="testclass.BaseTest" name="@BeforeSuite initBrowser" time="0.0">
    <ignored/>
  </testcase> <!-- @BeforeSuite initBrowser -->
</testsuite> <!-- Test -->
