<?xml version="1.0" encoding="UTF-8"?>
<testng-results ignored="0" total="3" passed="3" failed="0" skipped="0">
  <reporter-output>
  </reporter-output>
  <suite started-at="2023-06-18T16:59:02 IST" name="Suite" finished-at="2023-06-18T16:59:02 IST" duration-ms="146">
    <groups>
    </groups>
    <test started-at="2023-06-18T16:59:02 IST" name="Test" finished-at="2023-06-18T16:59:02 IST" duration-ms="146">
      <class name="testngdiscussion.Annotations2">
        <test-method signature="testCase3()[pri:0, instance:testngdiscussion.Annotations2@752325ad]" started-at="2023-06-18T16:59:02 IST" name="testCase3" finished-at="2023-06-18T16:59:02 IST" duration-ms="6" status="PASS">
          <reporter-output>
          </reporter-output>
        </test-method> <!-- testCase3 -->
        <test-method is-config="true" signature="afterSuite()[pri:0, instance:testngdiscussion.Annotations2@752325ad]" started-at="2023-06-18T16:59:02 IST" name="afterSuite" finished-at="2023-06-18T16:59:02 IST" duration-ms="1" status="PASS">
          <reporter-output>
          </reporter-output>
        </test-method> <!-- afterSuite -->
      </class> <!-- testngdiscussion.Annotations2 -->
      <class name="testngdiscussion.Annotations">
        <test-method is-config="true" signature="beforeSuite()[pri:0, instance:testngdiscussion.Annotations@fbd1f6]" started-at="2023-06-18T16:59:02 IST" name="beforeSuite" finished-at="2023-06-18T16:59:02 IST" duration-ms="16" status="PASS">
          <reporter-output>
          </reporter-output>
        </test-method> <!-- beforeSuite -->
        <test-method is-config="true" signature="beforeTest()[pri:0, instance:testngdiscussion.Annotations@fbd1f6]" started-at="2023-06-18T16:59:02 IST" name="beforeTest" finished-at="2023-06-18T16:59:02 IST" duration-ms="1" status="PASS">
          <reporter-output>
          </reporter-output>
        </test-method> <!-- beforeTest -->
        <test-method is-config="true" signature="beforeClass()[pri:0, instance:testngdiscussion.Annotations@fbd1f6]" started-at="2023-06-18T16:59:02 IST" name="beforeClass" finished-at="2023-06-18T16:59:02 IST" duration-ms="4" status="PASS">
          <reporter-output>
          </reporter-output>
        </test-method> <!-- beforeClass -->
        <test-method is-config="true" signature="beforeMethod()[pri:0, instance:testngdiscussion.Annotations@fbd1f6]" started-at="2023-06-18T16:59:02 IST" name="beforeMethod" finished-at="2023-06-18T16:59:02 IST" duration-ms="4" status="PASS">
          <reporter-output>
          </reporter-output>
        </test-method> <!-- beforeMethod -->
        <test-method signature="testCase1()[pri:0, instance:testngdiscussion.Annotations@fbd1f6]" started-at="2023-06-18T16:59:02 IST" name="testCase1" finished-at="2023-06-18T16:59:02 IST" duration-ms="18" status="PASS">
          <reporter-output>
          </reporter-output>
        </test-method> <!-- testCase1 -->
        <test-method is-config="true" signature="afterMethod()[pri:0, instance:testngdiscussion.Annotations@fbd1f6]" started-at="2023-06-18T16:59:02 IST" name="afterMethod" finished-at="2023-06-18T16:59:02 IST" duration-ms="1" status="PASS">
          <reporter-output>
          </reporter-output>
        </test-method> <!-- afterMethod -->
        <test-method is-config="true" signature="beforeMethod()[pri:0, instance:testngdiscussion.Annotations@fbd1f6]" started-at="2023-06-18T16:59:02 IST" name="beforeMethod" finished-at="2023-06-18T16:59:02 IST" duration-ms="0" status="PASS">
          <reporter-output>
          </reporter-output>
        </test-method> <!-- beforeMethod -->
        <test-method signature="testCase2()[pri:0, instance:testngdiscussion.Annotations@fbd1f6]" started-at="2023-06-18T16:59:02 IST" name="testCase2" finished-at="2023-06-18T16:59:02 IST" duration-ms="8" status="PASS">
          <reporter-output>
          </reporter-output>
        </test-method> <!-- testCase2 -->
        <test-method is-config="true" signature="afterMethod()[pri:0, instance:testngdiscussion.Annotations@fbd1f6]" started-at="2023-06-18T16:59:02 IST" name="afterMethod" finished-at="2023-06-18T16:59:02 IST" duration-ms="0" status="PASS">
          <reporter-output>
          </reporter-output>
        </test-method> <!-- afterMethod -->
        <test-method is-config="true" signature="afterClass()[pri:0, instance:testngdiscussion.Annotations@fbd1f6]" started-at="2023-06-18T16:59:02 IST" name="afterClass" finished-at="2023-06-18T16:59:02 IST" duration-ms="3" status="PASS">
          <reporter-output>
          </reporter-output>
        </test-method> <!-- afterClass -->
        <test-method is-config="true" signature="afterTest()[pri:0, instance:testngdiscussion.Annotations@fbd1f6]" started-at="2023-06-18T16:59:02 IST" name="afterTest" finished-at="2023-06-18T16:59:02 IST" duration-ms="1" status="PASS">
          <reporter-output>
          </reporter-output>
        </test-method> <!-- afterTest -->
      </class> <!-- testngdiscussion.Annotations -->
    </test> <!-- Test -->
  </suite> <!-- Suite -->
</testng-results>
