<?xml version="1.0" encoding="UTF-8"?>
<testng-results ignored="0" total="6" passed="6" failed="0" skipped="0">
  <reporter-output>
  </reporter-output>
  <suite started-at="2023-06-22T16:38:35 IST" name="Suite" finished-at="2023-06-22T16:38:43 IST" duration-ms="7564">
    <groups>
    </groups>
    <test started-at="2023-06-22T16:38:35 IST" name="Test" finished-at="2023-06-22T16:38:43 IST" duration-ms="7564">
      <class name="testclass.HomeTest">
        <test-method is-config="true" signature="initBrowser()[pri:0, instance:testclass.HomeTest@1c1bbc4e]" started-at="2023-06-22T16:38:28 IST" name="initBrowser" finished-at="2023-06-22T16:38:35 IST" duration-ms="6694" status="PASS">
          <reporter-output>
          </reporter-output>
        </test-method> <!-- initBrowser -->
        <test-method is-config="true" signature="createObject()[pri:0, instance:testclass.HomeTest@1c1bbc4e]" started-at="2023-06-22T16:38:35 IST" name="createObject" finished-at="2023-06-22T16:38:35 IST" duration-ms="38" status="PASS">
          <reporter-output>
          </reporter-output>
        </test-method> <!-- createObject -->
        <test-method signature="validateTitle()[pri:1, instance:testclass.HomeTest@1c1bbc4e]" started-at="2023-06-22T16:38:35 IST" name="validateTitle" finished-at="2023-06-22T16:38:35 IST" duration-ms="22" status="PASS">
          <reporter-output>
          </reporter-output>
        </test-method> <!-- validateTitle -->
        <test-method signature="navToSingleMalt()[pri:2, instance:testclass.HomeTest@1c1bbc4e]" started-at="2023-06-22T16:38:35 IST" name="navToSingleMalt" finished-at="2023-06-22T16:38:36 IST" duration-ms="767" status="PASS">
          <reporter-output>
          </reporter-output>
        </test-method> <!-- navToSingleMalt -->
        <test-method is-config="true" signature="tearDown()[pri:0, instance:testclass.HomeTest@1c1bbc4e]" started-at="2023-06-22T16:38:43 IST" name="tearDown" finished-at="2023-06-22T16:38:46 IST" duration-ms="3267" status="PASS">
          <reporter-output>
          </reporter-output>
        </test-method> <!-- tearDown -->
      </class> <!-- testclass.HomeTest -->
      <class name="testclass.ProductTest">
        <test-method is-config="true" signature="createObject()[pri:0, instance:testclass.ProductTest@3a52dba3]" started-at="2023-06-22T16:38:36 IST" name="createObject" finished-at="2023-06-22T16:38:36 IST" duration-ms="2" status="PASS">
          <reporter-output>
          </reporter-output>
        </test-method> <!-- createObject -->
        <test-method signature="validateFilter()[pri:3, instance:testclass.ProductTest@3a52dba3]" started-at="2023-06-22T16:38:36 IST" name="validateFilter" finished-at="2023-06-22T16:38:37 IST" duration-ms="774" status="PASS">
          <reporter-output>
          </reporter-output>
        </test-method> <!-- validateFilter -->
        <test-method signature="resetFilterValidation()[pri:4, instance:testclass.ProductTest@3a52dba3]" started-at="2023-06-22T16:38:37 IST" name="resetFilterValidation" finished-at="2023-06-22T16:38:37 IST" duration-ms="427" status="PASS">
          <reporter-output>
          </reporter-output>
        </test-method> <!-- resetFilterValidation -->
        <test-method signature="sortingFilter()[pri:5, instance:testclass.ProductTest@3a52dba3]" started-at="2023-06-22T16:38:37 IST" name="sortingFilter" finished-at="2023-06-22T16:38:40 IST" duration-ms="2781" status="PASS">
          <reporter-output>
          </reporter-output>
        </test-method> <!-- sortingFilter -->
        <test-method signature="navToProduct()[pri:6, instance:testclass.ProductTest@3a52dba3]" started-at="2023-06-22T16:38:40 IST" name="navToProduct" finished-at="2023-06-22T16:38:43 IST" duration-ms="2674" status="PASS">
          <reporter-output>
          </reporter-output>
        </test-method> <!-- navToProduct -->
      </class> <!-- testclass.ProductTest -->
    </test> <!-- Test -->
  </suite> <!-- Suite -->
</testng-results>
